D, [2017-02-08T11:27:56.887159 #7274] DEBUG -- :   [1m[36m (4.2ms)[0m  [1mCREATE TABLE "schema_migrations" ("version" varchar NOT NULL) [0m
D, [2017-02-08T11:27:56.887381 #7274] DEBUG -- :   [1m[35m (0.1ms)[0m  select sqlite_version(*)
D, [2017-02-08T11:27:56.894287 #7274] DEBUG -- :   [1m[36m (4.7ms)[0m  [1mCREATE UNIQUE INDEX "unique_schema_migrations" ON "schema_migrations" ("version")[0m
D, [2017-02-08T11:27:56.898343 #7274] DEBUG -- :   [1m[35mActiveRecord::SchemaMigration Load (1.6ms)[0m  SELECT "schema_migrations".* FROM "schema_migrations"
I, [2017-02-08T11:27:56.904333 #7274]  INFO -- : Migrating to CreateArticles (20170208032049)
D, [2017-02-08T11:27:56.906110 #7274] DEBUG -- :   [1m[36m (0.1ms)[0m  [1mbegin transaction[0m
D, [2017-02-08T11:27:56.909038 #7274] DEBUG -- :   [1m[35m (2.2ms)[0m  CREATE TABLE "articles" ("id" INTEGER PRIMARY KEY AUTOINCREMENT NOT NULL, "title" varchar, "text" text, "created_at" datetime NOT NULL, "updated_at" datetime NOT NULL) 
D, [2017-02-08T11:27:56.915158 #7274] DEBUG -- :   [1m[36mSQL (0.1ms)[0m  [1mINSERT INTO "schema_migrations" ("version") VALUES (?)[0m  [["version", "20170208032049"]]
D, [2017-02-08T11:27:56.918246 #7274] DEBUG -- :   [1m[35m (2.9ms)[0m  commit transaction
D, [2017-02-09T10:46:37.039870 #19422] DEBUG -- :   [1m[36mActiveRecord::SchemaMigration Load (10.5ms)[0m  [1mSELECT "schema_migrations".* FROM "schema_migrations"[0m
I, [2017-02-09T10:46:37.061412 #19422]  INFO -- : Migrating to CreateComments (20170208103102)
D, [2017-02-09T10:46:37.067325 #19422] DEBUG -- :   [1m[35m (0.1ms)[0m  begin transaction
D, [2017-02-09T10:46:37.073042 #19422] DEBUG -- :   [1m[36m (4.9ms)[0m  [1mCREATE TABLE "comments" ("id" INTEGER PRIMARY KEY AUTOINCREMENT NOT NULL, "commenter" varchar, "body" text, "article_id" integer, "created_at" datetime NOT NULL, "updated_at" datetime NOT NULL) [0m
D, [2017-02-09T10:46:37.073199 #19422] DEBUG -- :   [1m[35m (0.1ms)[0m  select sqlite_version(*)
D, [2017-02-09T10:46:37.073570 #19422] DEBUG -- :   [1m[36m (0.1ms)[0m  [1mCREATE  INDEX "index_comments_on_article_id" ON "comments" ("article_id")[0m
D, [2017-02-09T10:46:37.091098 #19422] DEBUG -- :   [1m[35mSQL (0.6ms)[0m  INSERT INTO "schema_migrations" ("version") VALUES (?)  [["version", "20170208103102"]]
D, [2017-02-09T10:46:37.102907 #19422] DEBUG -- :   [1m[36m (11.6ms)[0m  [1mcommit transaction[0m
I, [2017-02-09T10:46:37.102960 #19422]  INFO -- : Migrating to AddAuthorToArticle (20170209023429)
D, [2017-02-09T10:46:37.111903 #19422] DEBUG -- :   [1m[35m (0.0ms)[0m  begin transaction
D, [2017-02-09T10:46:37.115297 #19422] DEBUG -- :   [1m[36m (3.1ms)[0m  [1mALTER TABLE "articles" ADD "author" varchar[0m
D, [2017-02-09T10:46:37.116065 #19422] DEBUG -- :   [1m[35mSQL (0.1ms)[0m  INSERT INTO "schema_migrations" ("version") VALUES (?)  [["version", "20170209023429"]]
D, [2017-02-09T10:46:37.131593 #19422] DEBUG -- :   [1m[36m (15.4ms)[0m  [1mcommit transaction[0m
